Build started 7/8/2014 7:35:15 PM.
     1>Project "C:\Users\Dan\Google Drive\GitHub\ET4560\unit4\FunctionExample\FunctionExample\FunctionExample.vcxproj" on node 2 (Build target(s)).
     1>ClCompile:
         C:\Program Files (x86)\Microsoft Visual Studio 12.0\VC\bin\CL.exe /c /ZI /nologo /W3 /WX- /Od /Oy- /D WIN32 /D _DEBUG /D _CONSOLE /D _LIB /D _UNICODE /D UNICODE /Gm /EHsc /RTC1 /MDd /GS /fp:precise /Zc:wchar_t /Zc:forScope /Fo"Debug\\" /Fd"Debug\vc120.pdb" /Gd /TP /analyze- /errorReport:prompt drawit.cpp
         drawit.cpp
     1>c:\users\dan\google drive\github\et4560\unit4\functionexample\functionexample\drawit.cpp(20): error C2065: 'globaldude' : undeclared identifier
     1>Done Building Project "C:\Users\Dan\Google Drive\GitHub\ET4560\unit4\FunctionExample\FunctionExample\FunctionExample.vcxproj" (Build target(s)) -- FAILED.

Build FAILED.

Time Elapsed 00:00:00.46
